[18:06:31] [main/INFO]: Loading Minecraft 1.19.2 with Fabric Loader 0.14.22
[18:06:31] [main/INFO]: Loading 67 mods:
	- cloth-config 8.3.103
	   \-- cloth-basic-math 0.6.1
	- customsplashscreen 1.2.0
	- fabric-api 0.76.0+1.19.2
	   |-- fabric-api-base 0.4.15+8f4e8eb390
	   |-- fabric-api-lookup-api-v1 1.6.14+93d8cb8290
	   |-- fabric-biome-api-v1 9.1.1+16f1e31390
	   |-- fabric-block-api-v1 1.0.2+e415d50e90
	   |-- fabric-blockrenderlayer-v1 1.1.25+cafc6e8e90
	   |-- fabric-client-tags-api-v1 1.0.5+b35fea8390
	   |-- fabric-command-api-v1 1.2.16+f71b366f90
	   |-- fabric-command-api-v2 2.2.1+413cbbc790
	   |-- fabric-commands-v0 0.2.33+df3654b390
	   |-- fabric-containers-v0 0.1.41+df3654b390
	   |-- fabric-content-registries-v0 3.5.2+7c6cd14d90
	   |-- fabric-convention-tags-v1 1.3.0+4bc6e26290
	   |-- fabric-crash-report-info-v1 0.2.8+aeb40ebe90
	   |-- fabric-data-generation-api-v1 5.3.8+413cbbc790
	   |-- fabric-dimensions-v1 2.1.35+0d0f210290
	   |-- fabric-entity-events-v1 1.5.4+9244241690
	   |-- fabric-events-interaction-v0 0.4.34+562bff6e90
	   |-- fabric-events-lifecycle-v0 0.2.36+df3654b390
	   |-- fabric-game-rule-api-v1 1.0.24+b6b6abb490
	   |-- fabric-item-api-v1 1.6.6+b7d1888890
	   |-- fabric-item-groups-v0 0.3.39+9244241690
	   |-- fabric-key-binding-api-v1 1.0.25+5c4fce2890
	   |-- fabric-keybindings-v0 0.2.23+df3654b390
	   |-- fabric-lifecycle-events-v1 2.2.4+1b46dc7890
	   |-- fabric-loot-api-v2 1.1.13+83a8659290
	   |-- fabric-loot-tables-v1 1.1.16+9e7660c690
	   |-- fabric-message-api-v1 5.0.7+93d8cb8290
	   |-- fabric-mining-level-api-v1 2.1.24+33fbc73890
	   |-- fabric-models-v0 0.3.21+c6af733c90
	   |-- fabric-networking-api-v1 1.2.11+10eb22f490
	   |-- fabric-networking-v0 0.3.28+df3654b390
	   |-- fabric-object-builder-api-v1 4.2.2+d8ef690890
	   |-- fabric-particles-v1 1.0.14+4d0d570390
	   |-- fabric-recipe-api-v1 1.0.1+413cbbc790
	   |-- fabric-registry-sync-v0 0.9.32+9244241690
	   |-- fabric-renderer-api-v1 1.2.1+1adbf27790
	   |-- fabric-renderer-indigo 0.8.0+1adbf27790
	   |-- fabric-renderer-registries-v1 3.2.24+df3654b390
	   |-- fabric-rendering-data-attachment-v1 0.3.19+6e0787e690
	   |-- fabric-rendering-fluids-v1 3.0.11+4d0d570390
	   |-- fabric-rendering-v0 1.1.27+df3654b390
	   |-- fabric-rendering-v1 1.12.1+d8ef690890
	   |-- fabric-resource-conditions-api-v1 2.1.2+aae9039d90
	   |-- fabric-resource-loader-v0 0.8.4+edbdcddb90
	   |-- fabric-screen-api-v1 1.0.32+4d0d570390
	   |-- fabric-screen-handler-api-v1 1.3.7+1cc24b1b90
	   |-- fabric-sound-api-v1 1.0.2+c4f28df590
	   |-- fabric-textures-v0 1.0.24+aeb40ebe90
	   |-- fabric-transfer-api-v1 2.1.6+413cbbc790
	   \-- fabric-transitive-access-wideners-v1 1.3.3+08b73de490
	- fabricloader 0.14.22
	- fancymenu 2.14.7
	- iris 1.6.5
	   |-- io_github_douira_glsl-transformer 2.0.0-pre13
	   |-- org_anarres_jcpp 1.4.14
	   \-- org_antlr_antlr4-runtime 4.11.1
	- java 17
	- konkrete 1.6.1
	- loadmyresources 1.0.4
	- minecraft 1.19.2
	- perf 1.19.2-8.7
	- sodium 0.4.4+build.18
	   \-- org_joml_joml 1.10.4
[18:06:31] [main/INFO]: SpongePowered MIXIN Subsystem Version=0.8.5 Source=file:/C:/Users/danie/AppData/Roaming/.minecraft/libraries/net/fabricmc/sponge-mixin/0.12.5+mixin.0.8.5/sponge-mixin-0.12.5+mixin.0.8.5.jar Service=Knot/Fabric Env=CLIENT
[18:06:31] [main/INFO]: Compatibility level set to JAVA_17
[18:06:31] [main/INFO]: Performant configs loaded
[18:06:31] [main/INFO]: Loaded configuration file for Sodium: 29 options available, 1 override(s) found
[18:06:32] [main/WARN]: Force-disabling mixin 'features.sky.MixinWorldRenderer' as rule 'mixin.features.sky' (added by mods [iris]) disables it and children
[18:06:36] [main/INFO]: Building optimized datafixer
[18:06:40] [Render thread/INFO]: [LOAD MY RESOURCES] PackHandler initialized!
[18:06:40] [Render thread/INFO]: [LOAD MY RESOURCES] Pack registered!
[18:06:40] [Render thread/INFO]: Environment: authHost='https://authserver.mojang.com', accountsHost='https://api.mojang.com', sessionHost='https://sessionserver.mojang.com', servicesHost='https://api.minecraftservices.com', name='PROD'
[18:06:40] [Render thread/INFO]: Setting user: JAVIxcr
[18:06:41] [Render thread/INFO]: [FANCYMENU] Loading v2.14.7 in client-side mode!
[18:06:41] [Render thread/INFO]: [FANCYMENU] Level registry interactions allowed!
[18:06:41] [Render thread/INFO]: [KONKRETE] Successfully initialized!
[18:06:41] [Render thread/INFO]: [KONKRETE] Server-side libs ready to use!
[18:06:42] [Render thread/INFO]: [Indigo] Different rendering plugin detected; not applying Indigo.
[18:06:42] [ForkJoinPool.commonPool-worker-1/WARN]: [Iris Update Check] Cached update file detected, using that!
[18:06:42] [Render thread/INFO]: Backend library: LWJGL version 3.3.1 SNAPSHOT
[18:06:45] [Render thread/INFO]: Debug functionality is disabled.
[18:06:45] [Render thread/INFO]: ARB_direct_state_access detected, enabling DSA.
[18:06:45] [Render thread/WARN]: Ignoring ambiguous string option RIX
[18:06:45] [Render thread/WARN]: Ignoring ambiguous string option RVI
[18:06:45] [Render thread/WARN]: Ignoring ambiguous string option GXV
[18:06:45] [Render thread/WARN]: Ignoring ambiguous string option BXXIII
[18:06:45] [Render thread/WARN]: Ignoring ambiguous string option GXIII
[18:06:45] [Render thread/WARN]: Ignoring ambiguous string option RXIII
[18:06:45] [Render thread/WARN]: Ignoring ambiguous string option RXXI
[18:06:45] [Render thread/WARN]: Ignoring ambiguous string option BXVI
[18:06:45] [Render thread/WARN]: Ignoring ambiguous string option BXIX
[18:06:45] [Render thread/WARN]: Ignoring ambiguous string option BXIV
[18:06:45] [Render thread/WARN]: Ignoring ambiguous string option BVIII
[18:06:45] [Render thread/WARN]: Ignoring ambiguous string option BXXIV
[18:06:45] [Render thread/WARN]: Ignoring ambiguous string option BXXII
[18:06:45] [Render thread/WARN]: Ignoring ambiguous string option BXVII
[18:06:45] [Render thread/WARN]: Ignoring ambiguous string option GXVIII
[18:06:45] [Render thread/WARN]: Ignoring ambiguous string option RIII
[18:06:45] [Render thread/WARN]: Ignoring ambiguous string option BXI
[18:06:45] [Render thread/WARN]: Ignoring ambiguous string option RXVIII
[18:06:45] [Render thread/WARN]: Ignoring ambiguous string option RI
[18:06:45] [Render thread/WARN]: Ignoring ambiguous string option GIX
[18:06:45] [Render thread/WARN]: Ignoring ambiguous string option BIII
[18:06:45] [Render thread/WARN]: Ignoring ambiguous string option GVI
[18:06:45] [Render thread/WARN]: Ignoring ambiguous string option RXII
[18:06:45] [Render thread/WARN]: Ignoring ambiguous string option BXV
[18:06:45] [Render thread/WARN]: Ignoring ambiguous string option B
[18:06:45] [Render thread/WARN]: Ignoring ambiguous string option RVII
[18:06:45] [Render thread/WARN]: Ignoring ambiguous string option RXI
[18:06:45] [Render thread/WARN]: Ignoring ambiguous string option BXX
[18:06:45] [Render thread/WARN]: Ignoring ambiguous string option RV
[18:06:45] [Render thread/WARN]: Ignoring ambiguous string option GXVI
[18:06:45] [Render thread/WARN]: Ignoring ambiguous string option RX
[18:06:45] [Render thread/WARN]: Ignoring ambiguous string option G
[18:06:45] [Render thread/WARN]: Ignoring ambiguous string option BI
[18:06:45] [Render thread/WARN]: Ignoring ambiguous string option BXVIII
[18:06:45] [Render thread/WARN]: Ignoring ambiguous string option GVIII
[18:06:45] [Render thread/WARN]: Ignoring ambiguous string option RVIII
[18:06:45] [Render thread/WARN]: Ignoring ambiguous string option RXV
[18:06:45] [Render thread/WARN]: Ignoring ambiguous string option R
[18:06:45] [Render thread/WARN]: Ignoring ambiguous string option RXIX
[18:06:45] [Render thread/WARN]: Ignoring ambiguous string option RXX
[18:06:45] [Render thread/WARN]: Ignoring ambiguous string option RXXIV
[18:06:45] [Render thread/WARN]: Ignoring ambiguous string option BV
[18:06:45] [Render thread/WARN]: Ignoring ambiguous string option RXIV
[18:06:45] [Render thread/WARN]: Ignoring ambiguous string option BX
[18:06:45] [Render thread/WARN]: Ignoring ambiguous string option BXIII
[18:06:45] [Render thread/WARN]: Ignoring ambiguous string option BXXI
[18:06:45] [Render thread/WARN]: Ignoring ambiguous string option RXVII
[18:06:45] [Render thread/WARN]: Ignoring ambiguous string option RXXII
[18:06:45] [Render thread/WARN]: Ignoring ambiguous string option RXVI
[18:06:45] [Render thread/WARN]: Ignoring ambiguous string option BII
[18:06:45] [Render thread/WARN]: Ignoring ambiguous string option GXXIV
[18:06:45] [Render thread/WARN]: Ignoring ambiguous string option BXII
[18:06:45] [Render thread/WARN]: Ignoring ambiguous string option BVII
[18:06:45] [Render thread/WARN]: Ignoring ambiguous string option BIV
[18:06:45] [Render thread/WARN]: Ignoring ambiguous string option GVII
[18:06:45] [Render thread/WARN]: Ignoring ambiguous string option BIX
[18:06:45] [Render thread/WARN]: Ignoring ambiguous string option GXII
[18:06:45] [Render thread/WARN]: Ignoring ambiguous string option GX
[18:06:45] [Render thread/WARN]: Ignoring ambiguous string option RII
[18:06:45] [Render thread/WARN]: Ignoring ambiguous string option BVI
[18:06:45] [Render thread/WARN]: Ignoring ambiguous string option GXVII
[18:06:45] [Render thread/WARN]: Ignoring ambiguous string option GXI
[18:06:45] [Render thread/WARN]: Ignoring ambiguous string option RXXIII
[18:06:45] [Render thread/WARN]: Ignoring ambiguous string option RIV
[18:06:45] [Render thread/WARN]: Ignoring ambiguous string option GXIV
[18:06:45] [Render thread/WARN]: Ignoring ambiguous string option RIX
[18:06:45] [Render thread/WARN]: Ignoring ambiguous string option RVI
[18:06:45] [Render thread/WARN]: Ignoring ambiguous string option BXXIII
[18:06:45] [Render thread/WARN]: Ignoring ambiguous string option RXIII
[18:06:45] [Render thread/WARN]: Ignoring ambiguous string option RXXI
[18:06:45] [Render thread/WARN]: Ignoring ambiguous string option BXVI
[18:06:45] [Render thread/WARN]: Ignoring ambiguous string option BXIX
[18:06:45] [Render thread/WARN]: Ignoring ambiguous string option BXIV
[18:06:45] [Render thread/WARN]: Ignoring ambiguous string option BVIII
[18:06:45] [Render thread/WARN]: Ignoring ambiguous string option BXXIV
[18:06:45] [Render thread/WARN]: Ignoring ambiguous string option BXXII
[18:06:45] [Render thread/WARN]: Ignoring ambiguous string option BXVII
[18:06:45] [Render thread/WARN]: Ignoring ambiguous string option RIII
[18:06:45] [Render thread/WARN]: Ignoring ambiguous string option BXI
[18:06:45] [Render thread/WARN]: Ignoring ambiguous string option RXVIII
[18:06:45] [Render thread/WARN]: Ignoring ambiguous string option RI
[18:06:45] [Render thread/WARN]: Ignoring ambiguous string option BIII
[18:06:45] [Render thread/WARN]: Ignoring ambiguous string option RXII
[18:06:45] [Render thread/WARN]: Ignoring ambiguous string option BXV
[18:06:45] [Render thread/WARN]: Ignoring ambiguous string option B
[18:06:45] [Render thread/WARN]: Ignoring ambiguous string option RVII
[18:06:45] [Render thread/WARN]: Ignoring ambiguous string option RXI
[18:06:45] [Render thread/WARN]: Ignoring ambiguous string option BXX
[18:06:45] [Render thread/WARN]: Ignoring ambiguous string option RV
[18:06:45] [Render thread/WARN]: Ignoring ambiguous string option RX
[18:06:45] [Render thread/WARN]: Ignoring ambiguous string option BI
[18:06:45] [Render thread/WARN]: Ignoring ambiguous string option BXVIII
[18:06:45] [Render thread/WARN]: Ignoring ambiguous string option RVIII
[18:06:45] [Render thread/WARN]: Ignoring ambiguous string option RXV
[18:06:45] [Render thread/WARN]: Ignoring ambiguous string option R
[18:06:45] [Render thread/WARN]: Ignoring ambiguous string option RXIX
[18:06:45] [Render thread/WARN]: Ignoring ambiguous string option RXX
[18:06:45] [Render thread/WARN]: Ignoring ambiguous string option RXXIV
[18:06:45] [Render thread/WARN]: Ignoring ambiguous string option BV
[18:06:45] [Render thread/WARN]: Ignoring ambiguous string option RXIV
[18:06:45] [Render thread/WARN]: Ignoring ambiguous string option BX
[18:06:45] [Render thread/WARN]: Ignoring ambiguous string option BXIII
[18:06:45] [Render thread/WARN]: Ignoring ambiguous string option BXXI
[18:06:45] [Render thread/WARN]: Ignoring ambiguous string option RXVII
[18:06:45] [Render thread/WARN]: Ignoring ambiguous string option RXXII
[18:06:45] [Render thread/WARN]: Ignoring ambiguous string option RXVI
[18:06:45] [Render thread/WARN]: Ignoring ambiguous string option BII
[18:06:45] [Render thread/WARN]: Ignoring ambiguous string option BXII
[18:06:45] [Render thread/WARN]: Ignoring ambiguous string option BVII
[18:06:45] [Render thread/WARN]: Ignoring ambiguous string option BIV
[18:06:45] [Render thread/WARN]: Ignoring ambiguous string option BIX
[18:06:45] [Render thread/WARN]: Ignoring ambiguous string option RII
[18:06:45] [Render thread/WARN]: Ignoring ambiguous string option BVI
[18:06:45] [Render thread/WARN]: Ignoring ambiguous string option RXXIII
[18:06:45] [Render thread/WARN]: Ignoring ambiguous string option RIV
[18:06:46] [Render thread/ERROR]: Unrecognized clouds setting: false
[18:06:46] [Render thread/WARN]: Unable to resolve shader pack option menu element "BLOOM_STRENGTH" defined in shaders.properties
[18:06:46] [Render thread/INFO]: Profile: High (+0 options changed by user)
[18:06:46] [Render thread/INFO]: Using shaderpack: RedHat_v34.0.zip
[18:06:47] [Render thread/WARN]: Static binding violation: PRIVATE @Overwrite method method_23182 in sodium.mixins.json:features.item.MixinItemRenderer from mod sodium cannot reduce visibiliy of PUBLIC target method, visibility will be upgraded.
[18:06:47] [Render thread/INFO]: Hardware information:
[18:06:47] [Render thread/INFO]: CPU: 12x AMD Ryzen 5 5500 
[18:06:47] [Render thread/INFO]: GPU: NVIDIA GeForce GTX 1070 Ti/PCIe/SSE2 (Supports OpenGL 3.2.0 NVIDIA 536.67)
[18:06:47] [Render thread/INFO]: OS: Windows 10 (10.0)
[18:06:48] [Render thread/WARN]: Failed to load texture: minecraft:progressbar.png
java.io.FileNotFoundException: C:\Crysis Demo\config\customsplashscreen\progressbar.png (El sistema no puede encontrar el archivo especificado)
	at java.io.FileInputStream.open0(Native Method) ~[?:?]
	at java.io.FileInputStream.open(FileInputStream.java:216) ~[?:?]
	at java.io.FileInputStream.<init>(FileInputStream.java:157) ~[?:?]
	at java.io.FileInputStream.<init>(FileInputStream.java:111) ~[?:?]
	at eu.midnightdust.customsplashscreen.texture.ConfigTexture.method_18153(ConfigTexture.java:23) ~[CrysisMod3.jar:?]
	at net.minecraft.class_1049.method_4625(class_1049.java:29) ~[client-intermediary.jar:?]
	at net.minecraft.class_1060.method_24303(class_1060.java:96) [client-intermediary.jar:?]
	at net.minecraft.class_1060.method_4616(class_1060.java:68) [client-intermediary.jar:?]
	at net.minecraft.class_425.handler$zza000$customsplashscreen$init(class_425.java:565) [client-intermediary.jar:?]
	at net.minecraft.class_425.method_18819(class_425.java) [client-intermediary.jar:?]
	at net.minecraft.class_310.<init>(class_310.java:644) [client-intermediary.jar:?]
	at net.minecraft.client.main.Main.method_44604(Main.java:205) [client-intermediary.jar:?]
	at net.minecraft.client.main.Main.main(Main.java:51) [client-intermediary.jar:?]
	at net.fabricmc.loader.impl.game.minecraft.MinecraftGameProvider.launch(MinecraftGameProvider.java:468) [fabric-loader-0.14.22.jar:?]
	at net.fabricmc.loader.impl.launch.knot.Knot.launch(Knot.java:74) [fabric-loader-0.14.22.jar:?]
	at net.fabricmc.loader.impl.launch.knot.KnotClient.main(KnotClient.java:23) [fabric-loader-0.14.22.jar:?]
[18:06:48] [Render thread/WARN]: Failed to load texture: minecraft:progressbar_background.png
java.io.FileNotFoundException: C:\Crysis Demo\config\customsplashscreen\progressbar_background.png (El sistema no puede encontrar el archivo especificado)
	at java.io.FileInputStream.open0(Native Method) ~[?:?]
	at java.io.FileInputStream.open(FileInputStream.java:216) ~[?:?]
	at java.io.FileInputStream.<init>(FileInputStream.java:157) ~[?:?]
	at java.io.FileInputStream.<init>(FileInputStream.java:111) ~[?:?]
	at eu.midnightdust.customsplashscreen.texture.ConfigTexture.method_18153(ConfigTexture.java:23) ~[CrysisMod3.jar:?]
	at net.minecraft.class_1049.method_4625(class_1049.java:29) ~[client-intermediary.jar:?]
	at net.minecraft.class_1060.method_24303(class_1060.java:96) [client-intermediary.jar:?]
	at net.minecraft.class_1060.method_4616(class_1060.java:68) [client-intermediary.jar:?]
	at net.minecraft.class_425.handler$zza000$customsplashscreen$init(class_425.java:566) [client-intermediary.jar:?]
	at net.minecraft.class_425.method_18819(class_425.java) [client-intermediary.jar:?]
	at net.minecraft.class_310.<init>(class_310.java:644) [client-intermediary.jar:?]
	at net.minecraft.client.main.Main.method_44604(Main.java:205) [client-intermediary.jar:?]
	at net.minecraft.client.main.Main.main(Main.java:51) [client-intermediary.jar:?]
	at net.fabricmc.loader.impl.game.minecraft.MinecraftGameProvider.launch(MinecraftGameProvider.java:468) [fabric-loader-0.14.22.jar:?]
	at net.fabricmc.loader.impl.launch.knot.Knot.launch(Knot.java:74) [fabric-loader-0.14.22.jar:?]
	at net.fabricmc.loader.impl.launch.knot.KnotClient.main(KnotClient.java:23) [fabric-loader-0.14.22.jar:?]
[18:06:48] [Render thread/INFO]: Reloading ResourceManager: loadmyresources.hiddenpack, Default, Fabric Mods (Cloth Config v8, Custom Splash Screen, Fabric API, Fabric API Base, Fabric API Lookup API (v1), Fabric Biome API (v1), Fabric Block API (v1), Fabric BlockRenderLayer Registration (v1), Fabric Client Tags, Fabric Command API (v1), Fabric Command API (v2), Fabric Commands (v0), Fabric Containers (v0), Fabric Content Registries (v0), Fabric Convention Tags, Fabric Crash Report Info (v1), Fabric Data Generation API (v1), Fabric Dimensions API (v1), Fabric Entity Events (v1), Fabric Events Interaction (v0), Fabric Events Lifecycle (v0), Fabric Game Rule API (v1), Fabric Item API (v1), Fabric Item Groups (v0), Fabric Key Binding API (v1), Fabric Key Bindings (v0), Fabric Lifecycle Events (v1), Fabric Loot API (v2), Fabric Loot Tables (v1), Fabric Message API (v1), Fabric Mining Level API (v1), Fabric Models (v0), Fabric Networking API (v1), Fabric Networking (v0), Fabric Object Builder API (v1), Fabric Particles (v1), Fabric Recipe API (v1), Fabric Registry Sync (v0), Fabric Renderer API (v1), Fabric Renderer - Indigo, Fabric Renderer Registries (v1), Fabric Rendering Data Attachment (v1), Fabric Rendering Fluids (v1), Fabric Rendering (v0), Fabric Rendering (v1), Fabric Resource Conditions API (v1), Fabric Resource Loader (v0), Fabric Screen API (v1), Fabric Screen Handler API (v1), Fabric Sound API (v1), Fabric Textures (v0), Fabric Transfer API (v1), Fabric Transitive Access Wideners (v1), Fabric Loader, FancyMenu, Iris, Konkrete, Load My Resources, Performant Mod, Sodium), Crysis ResourcePack by JAVIxcr.zip
[18:06:48] [Render thread/ERROR]: Failed to get filter section from pack loadmyresources.hiddenpack
[18:06:48] [Render thread/INFO]: [FANCYMENU] Pre-loading animations if enabled in config..
[18:06:48] [Render thread/INFO]: [FANCYMENU] Updating animation sizes..
[18:06:48] [Render thread/INFO]: [FANCYMENU] LOADING ANIMATION TEXTURES! THIS CAUSES THE LOADING SCREEN TO FREEZE FOR A WHILE!
[18:06:48] [Render thread/INFO]: [FANCYMENU] FINISHED LOADING ANIMATION TEXTURES!
[18:06:48] [Render thread/INFO]: [KONKRETE] Client-side libs ready to use!
[18:06:48] [Render thread/INFO]: [STDOUT]: [KONKRETE] Running PostLoadingEvents for mod: fancymenu
[18:06:49] [Render thread/INFO]: [FANCYMENU] AnimationHandler: Animation registered: mc_cave_animation_2cfb5f2c6ab641c1
[18:06:49] [Render thread/INFO]: [STDOUT]: [KONKRETE] PostLoadingEvents completed for mod: fancymenu
[18:06:50] [Render thread/INFO]: Creating pipeline for dimension NamespacedId{namespace='minecraft', name='overworld'}
[18:06:50] [Render thread/INFO]: Starting custom uniform resolving
[18:06:52] [Render thread/WARN]: Program link log for composite: Fragment info
-------------
0(245) : warning C7050: "vl.VolumetricRays" might be used before being initialized

[18:06:54] [Render thread/WARN]: [Patcher] gl_FragColor is not supported yet, please use gl_FragData! Assuming that the shaderpack author intended to use gl_FragData[0]...
[18:06:54] [Render thread/WARN]: The in declaration 'coord' in the FRAGMENT shader that is never assigned to in the previous stage VERTEX has been compatibility-patched by adding an initialization for it. See debugging.md for more information.
[18:06:56] [Render thread/WARN]: The in declaration 'mat' in the FRAGMENT shader that is never assigned to in the previous stage VERTEX has been compatibility-patched by adding an initialization for it. See debugging.md for more information.
[18:06:56] [Render thread/WARN]: The in declaration 'mat' in the FRAGMENT shader that is never assigned to in the previous stage VERTEX has been compatibility-patched by adding an initialization for it. See debugging.md for more information.
[18:06:56] [Render thread/WARN]: The in declaration 'mat' in the FRAGMENT shader that is never assigned to in the previous stage VERTEX has been compatibility-patched by adding an initialization for it. See debugging.md for more information.
[18:06:57] [Render thread/WARN]: The in declaration 'mat' in the FRAGMENT shader that is never assigned to in the previous stage VERTEX has been compatibility-patched by adding an initialization for it. See debugging.md for more information.
[18:06:57] [Render thread/WARN]: The in declaration 'mat' in the FRAGMENT shader that is never assigned to in the previous stage VERTEX has been compatibility-patched by adding an initialization for it. See debugging.md for more information.
[18:06:57] [Render thread/WARN]: The in declaration 'mat' in the FRAGMENT shader that is never assigned to in the previous stage VERTEX has been compatibility-patched by adding an initialization for it. See debugging.md for more information.
[18:06:57] [Render thread/WARN]: The in declaration 'mat' in the FRAGMENT shader that is never assigned to in the previous stage VERTEX has been compatibility-patched by adding an initialization for it. See debugging.md for more information.
[18:06:57] [Render thread/WARN]: The in declaration 'mat' in the FRAGMENT shader that is never assigned to in the previous stage VERTEX has been compatibility-patched by adding an initialization for it. See debugging.md for more information.
[18:07:00] [Render thread/INFO]: [STDOUT]: ## ERROR ## [FANCYMENU] Unable to set custom icons: 'icon16x16.png' or 'icon32x32.png' missing!
[18:07:00] [Render thread/INFO]: [FANCYMENU] Forced window to fullscreen!
[18:07:00] [Render thread/WARN]: Missing sound for event: minecraft:item.goat_horn.play
[18:07:00] [Render thread/WARN]: Missing sound for event: minecraft:entity.goat.screaming.horn_break
[18:07:00] [Render thread/INFO]: OpenAL initialized on device OpenAL Soft on Altavoces (Realtek(R) Audio)
[18:07:00] [Render thread/INFO]: Sound engine started
[18:07:00] [Render thread/INFO]: Created: 1024x512x1 minecraft:textures/atlas/blocks.png-atlas
[18:07:00] [Render thread/INFO]: Created: 256x128x1 minecraft:textures/atlas/signs.png-atlas
[18:07:00] [Render thread/INFO]: Created: 512x512x1 minecraft:textures/atlas/banner_patterns.png-atlas
[18:07:00] [Render thread/INFO]: Created: 512x512x1 minecraft:textures/atlas/shield_patterns.png-atlas
[18:07:00] [Render thread/INFO]: Created: 256x256x1 minecraft:textures/atlas/chest.png-atlas
[18:07:00] [Render thread/INFO]: Created: 512x256x1 minecraft:textures/atlas/beds.png-atlas
[18:07:00] [Render thread/INFO]: Created: 512x256x1 minecraft:textures/atlas/shulker_boxes.png-atlas
[18:07:01] [Render thread/WARN]: Shader rendertype_entity_translucent_emissive could not find sampler named Sampler2 in the specified shader program.
[18:07:02] [Render thread/INFO]: Created: 256x256x0 minecraft:textures/atlas/particles.png-atlas
[18:07:02] [Render thread/INFO]: Created: 256x256x0 minecraft:textures/atlas/paintings.png-atlas
[18:07:02] [Render thread/INFO]: Created: 128x128x0 minecraft:textures/atlas/mob_effects.png-atlas
[18:07:03] [Worker-Bootstrap-3/INFO]: 4283 Datafixer optimizations took 27677 milliseconds
[18:07:22] [Render thread/INFO]: Connecting to 161.129.182.138, 25565
[18:07:25] [Netty Client IO #0/INFO]: Found file C:\Crysis Demo\server-resource-packs\ae4b78b7d3fdf98733e92ea6ed47a3273c69f15c without verification hash
[18:07:25] [Netty Client IO #0/INFO]: Applying server pack C:\Crysis Demo\server-resource-packs\ae4b78b7d3fdf98733e92ea6ed47a3273c69f15c
[18:07:25] [Render thread/INFO]: Reloading pipeline on dimension change: NamespacedId{namespace='minecraft', name='overworld'} => NamespacedId{namespace='minecraft', name='up'}
[18:07:25] [Render thread/INFO]: Destroying pipeline NamespacedId{namespace='minecraft', name='overworld'}
[18:07:25] [Render thread/INFO]: Creating pipeline for dimension NamespacedId{namespace='minecraft', name='up'}
[18:07:25] [Render thread/INFO]: Starting custom uniform resolving
[18:07:25] [Render thread/WARN]: Program link log for composite: Fragment info
-------------
0(245) : warning C7050: "vl.VolumetricRays" might be used before being initialized

[18:07:25] [Render thread/WARN]: [Patcher] gl_FragColor is not supported yet, please use gl_FragData! Assuming that the shaderpack author intended to use gl_FragData[0]...
[18:07:25] [Render thread/WARN]: The in declaration 'coord' in the FRAGMENT shader that is never assigned to in the previous stage VERTEX has been compatibility-patched by adding an initialization for it. See debugging.md for more information.
[18:07:25] [Render thread/WARN]: The in declaration 'mat' in the FRAGMENT shader that is never assigned to in the previous stage VERTEX has been compatibility-patched by adding an initialization for it. See debugging.md for more information.
[18:07:25] [Render thread/WARN]: The in declaration 'mat' in the FRAGMENT shader that is never assigned to in the previous stage VERTEX has been compatibility-patched by adding an initialization for it. See debugging.md for more information.
[18:07:25] [Render thread/WARN]: The in declaration 'mat' in the FRAGMENT shader that is never assigned to in the previous stage VERTEX has been compatibility-patched by adding an initialization for it. See debugging.md for more information.
[18:07:25] [Render thread/WARN]: The in declaration 'mat' in the FRAGMENT shader that is never assigned to in the previous stage VERTEX has been compatibility-patched by adding an initialization for it. See debugging.md for more information.
[18:07:25] [Render thread/WARN]: The in declaration 'mat' in the FRAGMENT shader that is never assigned to in the previous stage VERTEX has been compatibility-patched by adding an initialization for it. See debugging.md for more information.
[18:07:25] [Render thread/WARN]: The in declaration 'mat' in the FRAGMENT shader that is never assigned to in the previous stage VERTEX has been compatibility-patched by adding an initialization for it. See debugging.md for more information.
[18:07:25] [Render thread/WARN]: The in declaration 'mat' in the FRAGMENT shader that is never assigned to in the previous stage VERTEX has been compatibility-patched by adding an initialization for it. See debugging.md for more information.
[18:07:25] [Render thread/WARN]: The in declaration 'mat' in the FRAGMENT shader that is never assigned to in the previous stage VERTEX has been compatibility-patched by adding an initialization for it. See debugging.md for more information.
[18:07:25] [Render thread/WARN]: @Redirect conflict. Skipping mixins.iris.compat.sodium.json:vertex_format.MixinFluidRenderer from mod iris->@Redirect::iris$fixSidewaysInnerFaceNormal(Lme/jellysquid/mods/sodium/client/model/IndexBufferBuilder;ILme/jellysquid/mods/sodium/client/model/quad/properties/ModelQuadWinding;Lnet/minecraft/class_1920;Lnet/minecraft/class_3610;Lnet/minecraft/class_2338;Lnet/minecraft/class_2338;Lme/jellysquid/mods/sodium/client/render/chunk/compile/buffers/ChunkModelBuilder;)V with priority 1000, already redirected by mixins.iris.compat.sodium.json:vertex_format.MixinFluidRenderer from mod iris->@Redirect::iris$fixBackwardUpFaceNormal(Lme/jellysquid/mods/sodium/client/model/IndexBufferBuilder;ILme/jellysquid/mods/sodium/client/model/quad/properties/ModelQuadWinding;Lnet/minecraft/class_1920;Lnet/minecraft/class_3610;Lnet/minecraft/class_2338;Lnet/minecraft/class_2338;Lme/jellysquid/mods/sodium/client/render/chunk/compile/buffers/ChunkModelBuilder;)V with priority 1000
[18:07:25] [Render thread/INFO]: Started 10 worker threads
[18:07:26] [Render thread/INFO]: [System] [CHAT] [ConditionalEvents] There is a new version available. (4.36.2)
[18:07:26] [Render thread/INFO]: [System] [CHAT] You can download it at: https://www.spigotmc.org/resources/82271/
[18:07:26] [Render thread/INFO]: [System] [CHAT] (FAWE) Hay disponible una actualización para FastAsyncWorldEdit. Usted está 129 compilación(es) desactualizada(s).\nEstá ejecutando la versión416, la última versión es 545.\nActualizar a https://www.spigotmc.org/resources/13932/\n
[18:07:26] [Render thread/INFO]: [System] [CHAT] (!) Login using /login [password] 
[18:07:26] [Render thread/INFO]: Reloading ResourceManager: loadmyresources.hiddenpack, Default, Fabric Mods (Cloth Config v8, Custom Splash Screen, Fabric API, Fabric API Base, Fabric API Lookup API (v1), Fabric Biome API (v1), Fabric Block API (v1), Fabric BlockRenderLayer Registration (v1), Fabric Client Tags, Fabric Command API (v1), Fabric Command API (v2), Fabric Commands (v0), Fabric Containers (v0), Fabric Content Registries (v0), Fabric Convention Tags, Fabric Crash Report Info (v1), Fabric Data Generation API (v1), Fabric Dimensions API (v1), Fabric Entity Events (v1), Fabric Events Interaction (v0), Fabric Events Lifecycle (v0), Fabric Game Rule API (v1), Fabric Item API (v1), Fabric Item Groups (v0), Fabric Key Binding API (v1), Fabric Key Bindings (v0), Fabric Lifecycle Events (v1), Fabric Loot API (v2), Fabric Loot Tables (v1), Fabric Message API (v1), Fabric Mining Level API (v1), Fabric Models (v0), Fabric Networking API (v1), Fabric Networking (v0), Fabric Object Builder API (v1), Fabric Particles (v1), Fabric Recipe API (v1), Fabric Registry Sync (v0), Fabric Renderer API (v1), Fabric Renderer - Indigo, Fabric Renderer Registries (v1), Fabric Rendering Data Attachment (v1), Fabric Rendering Fluids (v1), Fabric Rendering (v0), Fabric Rendering (v1), Fabric Resource Conditions API (v1), Fabric Resource Loader (v0), Fabric Screen API (v1), Fabric Screen Handler API (v1), Fabric Sound API (v1), Fabric Textures (v0), Fabric Transfer API (v1), Fabric Transitive Access Wideners (v1), Fabric Loader, FancyMenu, Iris, Konkrete, Load My Resources, Performant Mod, Sodium), Crysis ResourcePack by JAVIxcr.zip, ae4b78b7d3fdf98733e92ea6ed47a3273c69f15c
[18:07:26] [Render thread/INFO]: [System] [CHAT] Welcome, JAVIxcr!
[18:07:26] [Render thread/INFO]: [System] [CHAT] Type /help for a list of commands.
[18:07:26] [Render thread/INFO]: [System] [CHAT] Type /list to see who else is online.
[18:07:26] [Render thread/INFO]: [System] [CHAT] Players online: 6 - World time: 12:00 PM
[18:07:26] [Render thread/INFO]: Loaded 93 advancements
[18:07:26] [Render thread/INFO]: [System] [CHAT] Vanish Update:
[18:07:26] [Render thread/INFO]: [System] [CHAT] new release: spigot-1.13.2
[18:07:26] [Render thread/INFO]: [System] [CHAT] current: 1.10.0
[18:07:27] [Worker-Main-19/WARN]: Unable to load model: 'minecraft:crysis_food' referenced from: minecraft:cooked_porkchop#inventory: java.io.FileNotFoundException: minecraft:models/crysis_food.json
[18:07:27] [Render thread/WARN]: Program link log for sodium:chunk_shader_for_gbuffers_terrain: Vertex info
-----------
0(52) : warning C7050: "vtexcoordam" might be used before being initialized

[18:07:27] [Render thread/WARN]: Program link log for sodium:chunk_shader_for_gbuffers_terrain_cutout: Vertex info
-----------
0(52) : warning C7050: "vtexcoordam" might be used before being initialized

[18:07:27] [Worker-Main-19/WARN]: Unable to resolve texture reference: #missing in crysis:food/hotdog/crysis_hotdog
[18:07:27] [Worker-Main-19/WARN]: Unable to resolve texture reference: #missing in crysis:furniture/dispenser/dispenser
[18:07:27] [Worker-Main-15/ERROR]: Using missing texture, file crysis:textures/item/misc/camera/block/camara.png not found
[18:07:27] [Worker-Main-19/WARN]: Texture crysis:food/pop/cubeta with size 5000x6667 limits mip level from 1 to 0
[18:07:27] [Worker-Main-19/WARN]: minecraft:textures/atlas/blocks.png: dropping miplevel from 1 to 0, because of minimum power of two: 1
[18:07:28] [Render thread/WARN]: Missing sound for event: minecraft:item.goat_horn.play
[18:07:28] [Render thread/WARN]: Missing sound for event: minecraft:entity.goat.screaming.horn_break
[18:07:28] [Render thread/INFO]: OpenAL initialized on device OpenAL Soft on Altavoces (Realtek(R) Audio)
[18:07:28] [Render thread/INFO]: Sound engine started
[18:07:28] [Render thread/INFO]: Created: 8192x8192x0 minecraft:textures/atlas/blocks.png-atlas
[18:07:28] [Render thread/INFO]: Created: 256x128x1 minecraft:textures/atlas/signs.png-atlas
[18:07:28] [Render thread/INFO]: Created: 512x512x1 minecraft:textures/atlas/banner_patterns.png-atlas
[18:07:28] [Render thread/INFO]: Created: 512x512x1 minecraft:textures/atlas/shield_patterns.png-atlas
[18:07:28] [Render thread/INFO]: Created: 256x256x1 minecraft:textures/atlas/chest.png-atlas
[18:07:28] [Render thread/INFO]: Created: 512x256x1 minecraft:textures/atlas/beds.png-atlas
[18:07:28] [Render thread/INFO]: Created: 512x256x1 minecraft:textures/atlas/shulker_boxes.png-atlas
[18:07:28] [Render thread/WARN]: Shader rendertype_entity_translucent could not find uniform named IViewRotMat in the specified shader program.
[18:07:28] [Render thread/WARN]: Shader rendertype_entity_translucent could not find uniform named FogShape in the specified shader program.
[18:07:28] [Render thread/WARN]: Shader rendertype_entity_translucent_emissive could not find sampler named Sampler2 in the specified shader program.
[18:07:28] [Render thread/INFO]: Created: 256x256x0 minecraft:textures/atlas/particles.png-atlas
[18:07:28] [Render thread/INFO]: Created: 256x256x0 minecraft:textures/atlas/paintings.png-atlas
[18:07:28] [Render thread/INFO]: Created: 128x128x0 minecraft:textures/atlas/mob_effects.png-atlas
[18:07:28] [Render thread/INFO]: [System] [CHAT] [ItemsAdder] UPDATE available: https://www.spigotmc.org/resources/73355/
[18:07:29] [Render thread/INFO]: Stopping worker threads
[18:07:29] [Render thread/INFO]: Started 10 worker threads
[18:07:29] [Render thread/WARN]: Program link log for sodium:chunk_shader_for_gbuffers_terrain: Vertex info
-----------
0(52) : warning C7050: "vtexcoordam" might be used before being initialized

[18:07:29] [Render thread/WARN]: Program link log for sodium:chunk_shader_for_gbuffers_terrain_cutout: Vertex info
-----------
0(52) : warning C7050: "vtexcoordam" might be used before being initialized

[18:07:34] [Render thread/INFO]: [System] [CHAT] (!) Login using /login [password] 
[18:07:44] [Render thread/INFO]: [System] [CHAT] (!) Login using /login [password] 
[18:07:47] [Render thread/INFO]: [System] [CHAT] (?) Successfully logged in!
[18:08:22] [Render thread/INFO]: Reloading ResourceManager: loadmyresources.hiddenpack, Default, Fabric Mods (Cloth Config v8, Custom Splash Screen, Fabric API, Fabric API Base, Fabric API Lookup API (v1), Fabric Biome API (v1), Fabric Block API (v1), Fabric BlockRenderLayer Registration (v1), Fabric Client Tags, Fabric Command API (v1), Fabric Command API (v2), Fabric Commands (v0), Fabric Containers (v0), Fabric Content Registries (v0), Fabric Convention Tags, Fabric Crash Report Info (v1), Fabric Data Generation API (v1), Fabric Dimensions API (v1), Fabric Entity Events (v1), Fabric Events Interaction (v0), Fabric Events Lifecycle (v0), Fabric Game Rule API (v1), Fabric Item API (v1), Fabric Item Groups (v0), Fabric Key Binding API (v1), Fabric Key Bindings (v0), Fabric Lifecycle Events (v1), Fabric Loot API (v2), Fabric Loot Tables (v1), Fabric Message API (v1), Fabric Mining Level API (v1), Fabric Models (v0), Fabric Networking API (v1), Fabric Networking (v0), Fabric Object Builder API (v1), Fabric Particles (v1), Fabric Recipe API (v1), Fabric Registry Sync (v0), Fabric Renderer API (v1), Fabric Renderer - Indigo, Fabric Renderer Registries (v1), Fabric Rendering Data Attachment (v1), Fabric Rendering Fluids (v1), Fabric Rendering (v0), Fabric Rendering (v1), Fabric Resource Conditions API (v1), Fabric Resource Loader (v0), Fabric Screen API (v1), Fabric Screen Handler API (v1), Fabric Sound API (v1), Fabric Textures (v0), Fabric Transfer API (v1), Fabric Transitive Access Wideners (v1), Fabric Loader, FancyMenu, Iris, Konkrete, Load My Resources, Performant Mod, Sodium), ae4b78b7d3fdf98733e92ea6ed47a3273c69f15c
[18:08:22] [Worker-Main-20/WARN]: Unable to load model: 'minecraft:crysis_food' referenced from: minecraft:cooked_porkchop#inventory: java.io.FileNotFoundException: minecraft:models/crysis_food.json
[18:08:22] [Worker-Main-20/WARN]: Unable to resolve texture reference: #missing in crysis:food/hotdog/crysis_hotdog
[18:08:22] [Worker-Main-20/WARN]: Unable to resolve texture reference: #missing in crysis:furniture/dispenser/dispenser
[18:08:22] [Worker-Main-21/ERROR]: Using missing texture, file crysis:textures/item/misc/camera/block/camara.png not found
[18:08:22] [Worker-Main-20/WARN]: Texture crysis:food/pop/cubeta with size 5000x6667 limits mip level from 1 to 0
[18:08:22] [Worker-Main-20/WARN]: minecraft:textures/atlas/blocks.png: dropping miplevel from 1 to 0, because of minimum power of two: 1
[18:08:23] [Render thread/WARN]: Missing sound for event: minecraft:item.goat_horn.play
[18:08:23] [Render thread/WARN]: Missing sound for event: minecraft:entity.goat.screaming.horn_break
[18:08:23] [Render thread/INFO]: OpenAL initialized on device OpenAL Soft on Altavoces (Realtek(R) Audio)
[18:08:23] [Render thread/INFO]: Sound engine started
[18:08:23] [Render thread/INFO]: Created: 8192x8192x0 minecraft:textures/atlas/blocks.png-atlas
[18:08:23] [Render thread/INFO]: Created: 256x128x1 minecraft:textures/atlas/signs.png-atlas
[18:08:23] [Render thread/INFO]: Created: 512x512x1 minecraft:textures/atlas/banner_patterns.png-atlas
[18:08:23] [Render thread/INFO]: Created: 512x512x1 minecraft:textures/atlas/shield_patterns.png-atlas
[18:08:23] [Render thread/INFO]: Created: 256x256x1 minecraft:textures/atlas/chest.png-atlas
[18:08:23] [Render thread/INFO]: Created: 512x256x1 minecraft:textures/atlas/beds.png-atlas
[18:08:23] [Render thread/INFO]: Created: 512x256x1 minecraft:textures/atlas/shulker_boxes.png-atlas
[18:08:23] [Render thread/WARN]: Shader rendertype_entity_translucent could not find uniform named IViewRotMat in the specified shader program.
[18:08:23] [Render thread/WARN]: Shader rendertype_entity_translucent could not find uniform named FogShape in the specified shader program.
[18:08:23] [Render thread/WARN]: Shader rendertype_entity_translucent_emissive could not find sampler named Sampler2 in the specified shader program.
[18:08:23] [Render thread/INFO]: Created: 256x256x0 minecraft:textures/atlas/particles.png-atlas
[18:08:23] [Render thread/INFO]: Created: 256x256x0 minecraft:textures/atlas/paintings.png-atlas
[18:08:23] [Render thread/INFO]: Created: 128x128x0 minecraft:textures/atlas/mob_effects.png-atlas
[18:08:23] [Render thread/INFO]: Stopping worker threads
[18:08:23] [Render thread/INFO]: Started 10 worker threads
[18:08:23] [Render thread/WARN]: Program link log for sodium:chunk_shader_for_gbuffers_terrain: Vertex info
-----------
0(52) : warning C7050: "vtexcoordam" might be used before being initialized

[18:08:24] [Render thread/WARN]: Program link log for sodium:chunk_shader_for_gbuffers_terrain_cutout: Vertex info
-----------
0(52) : warning C7050: "vtexcoordam" might be used before being initialized

[18:09:47] [Render thread/INFO]: Reloading ResourceManager: loadmyresources.hiddenpack, Default, Fabric Mods (Cloth Config v8, Custom Splash Screen, Fabric API, Fabric API Base, Fabric API Lookup API (v1), Fabric Biome API (v1), Fabric Block API (v1), Fabric BlockRenderLayer Registration (v1), Fabric Client Tags, Fabric Command API (v1), Fabric Command API (v2), Fabric Commands (v0), Fabric Containers (v0), Fabric Content Registries (v0), Fabric Convention Tags, Fabric Crash Report Info (v1), Fabric Data Generation API (v1), Fabric Dimensions API (v1), Fabric Entity Events (v1), Fabric Events Interaction (v0), Fabric Events Lifecycle (v0), Fabric Game Rule API (v1), Fabric Item API (v1), Fabric Item Groups (v0), Fabric Key Binding API (v1), Fabric Key Bindings (v0), Fabric Lifecycle Events (v1), Fabric Loot API (v2), Fabric Loot Tables (v1), Fabric Message API (v1), Fabric Mining Level API (v1), Fabric Models (v0), Fabric Networking API (v1), Fabric Networking (v0), Fabric Object Builder API (v1), Fabric Particles (v1), Fabric Recipe API (v1), Fabric Registry Sync (v0), Fabric Renderer API (v1), Fabric Renderer - Indigo, Fabric Renderer Registries (v1), Fabric Rendering Data Attachment (v1), Fabric Rendering Fluids (v1), Fabric Rendering (v0), Fabric Rendering (v1), Fabric Resource Conditions API (v1), Fabric Resource Loader (v0), Fabric Screen API (v1), Fabric Screen Handler API (v1), Fabric Sound API (v1), Fabric Textures (v0), Fabric Transfer API (v1), Fabric Transitive Access Wideners (v1), Fabric Loader, FancyMenu, Iris, Konkrete, Load My Resources, Performant Mod, Sodium), Crysis ResourcePack by JAVIxcr.zip, ae4b78b7d3fdf98733e92ea6ed47a3273c69f15c
[18:09:48] [Worker-Main-18/WARN]: Unable to load model: 'minecraft:crysis_food' referenced from: minecraft:cooked_porkchop#inventory: java.io.FileNotFoundException: minecraft:models/crysis_food.json
[18:09:48] [Worker-Main-18/WARN]: Unable to resolve texture reference: #missing in crysis:food/hotdog/crysis_hotdog
[18:09:48] [Worker-Main-18/WARN]: Unable to resolve texture reference: #missing in crysis:furniture/dispenser/dispenser
[18:09:48] [Worker-Main-17/ERROR]: Using missing texture, file crysis:textures/item/misc/camera/block/camara.png not found
[18:09:48] [Worker-Main-18/WARN]: Texture crysis:food/pop/cubeta with size 5000x6667 limits mip level from 1 to 0
[18:09:48] [Worker-Main-18/WARN]: minecraft:textures/atlas/blocks.png: dropping miplevel from 1 to 0, because of minimum power of two: 1
[18:09:48] [Render thread/WARN]: Missing sound for event: minecraft:item.goat_horn.play
[18:09:48] [Render thread/WARN]: Missing sound for event: minecraft:entity.goat.screaming.horn_break
[18:09:48] [Render thread/INFO]: OpenAL initialized on device OpenAL Soft on Altavoces (Realtek(R) Audio)
[18:09:48] [Render thread/INFO]: Sound engine started
[18:09:49] [Render thread/INFO]: Created: 8192x8192x0 minecraft:textures/atlas/blocks.png-atlas
[18:09:49] [Render thread/INFO]: Created: 256x128x1 minecraft:textures/atlas/signs.png-atlas
[18:09:49] [Render thread/INFO]: Created: 512x512x1 minecraft:textures/atlas/banner_patterns.png-atlas
[18:09:49] [Render thread/INFO]: Created: 512x512x1 minecraft:textures/atlas/shield_patterns.png-atlas
[18:09:49] [Render thread/INFO]: Created: 256x256x1 minecraft:textures/atlas/chest.png-atlas
[18:09:49] [Render thread/INFO]: Created: 512x256x1 minecraft:textures/atlas/beds.png-atlas
[18:09:49] [Render thread/INFO]: Created: 512x256x1 minecraft:textures/atlas/shulker_boxes.png-atlas
[18:09:49] [Render thread/WARN]: Shader rendertype_entity_translucent could not find uniform named IViewRotMat in the specified shader program.
[18:09:49] [Render thread/WARN]: Shader rendertype_entity_translucent could not find uniform named FogShape in the specified shader program.
[18:09:49] [Render thread/WARN]: Shader rendertype_entity_translucent_emissive could not find sampler named Sampler2 in the specified shader program.
[18:09:49] [Render thread/INFO]: Created: 256x256x0 minecraft:textures/atlas/particles.png-atlas
[18:09:49] [Render thread/INFO]: Created: 256x256x0 minecraft:textures/atlas/paintings.png-atlas
[18:09:49] [Render thread/INFO]: Created: 128x128x0 minecraft:textures/atlas/mob_effects.png-atlas
[18:09:49] [Render thread/INFO]: Stopping worker threads
[18:09:49] [Render thread/INFO]: Started 10 worker threads
[18:09:49] [Render thread/WARN]: Program link log for sodium:chunk_shader_for_gbuffers_terrain: Vertex info
-----------
0(52) : warning C7050: "vtexcoordam" might be used before being initialized

[18:09:49] [Render thread/WARN]: Program link log for sodium:chunk_shader_for_gbuffers_terrain_cutout: Vertex info
-----------
0(52) : warning C7050: "vtexcoordam" might be used before being initialized

[18:09:54] [Render thread/INFO]: [System] [CHAT] El modo de juego de JAVIxcr ha sido cambiado a creativo.
[18:11:09] [Render thread/INFO]: Loaded 108 advancements
[18:12:31] [Render thread/INFO]: [System] [CHAT] El modo de juego de JAVIxcr ha sido cambiado a supervivencia.
[18:12:38] [Render thread/INFO]: [System] [CHAT] [-] CamYeaaH
[18:12:50] [Render thread/INFO]: [System] [CHAT] El modo de juego de JAVIxcr ha sido cambiado a creativo.
[18:13:18] [Render thread/INFO]: [System] [CHAT] El modo de juego de JAVIxcr ha sido cambiado a supervivencia.
[18:13:46] [Render thread/INFO]: [System] [CHAT] El modo de juego de JAVIxcr ha sido cambiado a creativo.
[18:14:00] [Render thread/INFO]: [System] [CHAT] Captura de pantalla guardada como 2023-08-08_18.14.00.png
[18:14:50] [Render thread/INFO]: [System] [CHAT] Captura de pantalla guardada como 2023-08-08_18.14.50.png
[18:16:21] [Render thread/INFO]: [System] [CHAT] Captura de pantalla guardada como 2023-08-08_18.16.21.png
[18:16:41] [Render thread/INFO]: [System] [CHAT] [Verdrog: Se ha aplicado el efecto Visión nocturna sobre 5 entidades]
[18:17:42] [Render thread/INFO]: Reloading ResourceManager: loadmyresources.hiddenpack, Default, Fabric Mods (Cloth Config v8, Custom Splash Screen, Fabric API, Fabric API Base, Fabric API Lookup API (v1), Fabric Biome API (v1), Fabric Block API (v1), Fabric BlockRenderLayer Registration (v1), Fabric Client Tags, Fabric Command API (v1), Fabric Command API (v2), Fabric Commands (v0), Fabric Containers (v0), Fabric Content Registries (v0), Fabric Convention Tags, Fabric Crash Report Info (v1), Fabric Data Generation API (v1), Fabric Dimensions API (v1), Fabric Entity Events (v1), Fabric Events Interaction (v0), Fabric Events Lifecycle (v0), Fabric Game Rule API (v1), Fabric Item API (v1), Fabric Item Groups (v0), Fabric Key Binding API (v1), Fabric Key Bindings (v0), Fabric Lifecycle Events (v1), Fabric Loot API (v2), Fabric Loot Tables (v1), Fabric Message API (v1), Fabric Mining Level API (v1), Fabric Models (v0), Fabric Networking API (v1), Fabric Networking (v0), Fabric Object Builder API (v1), Fabric Particles (v1), Fabric Recipe API (v1), Fabric Registry Sync (v0), Fabric Renderer API (v1), Fabric Renderer - Indigo, Fabric Renderer Registries (v1), Fabric Rendering Data Attachment (v1), Fabric Rendering Fluids (v1), Fabric Rendering (v0), Fabric Rendering (v1), Fabric Resource Conditions API (v1), Fabric Resource Loader (v0), Fabric Screen API (v1), Fabric Screen Handler API (v1), Fabric Sound API (v1), Fabric Textures (v0), Fabric Transfer API (v1), Fabric Transitive Access Wideners (v1), Fabric Loader, FancyMenu, Iris, Konkrete, Load My Resources, Performant Mod, Sodium), Crysis ResourcePack by JAVIxcr.zip
[18:17:42] [Render thread/INFO]: Stopping worker threads
[18:17:42] [Render thread/WARN]: Missing sound for event: minecraft:item.goat_horn.play
[18:17:42] [Render thread/WARN]: Missing sound for event: minecraft:entity.goat.screaming.horn_break
[18:17:42] [Render thread/INFO]: OpenAL initialized on device OpenAL Soft on Altavoces (Realtek(R) Audio)
[18:17:42] [Render thread/INFO]: Sound engine started
[18:17:43] [Render thread/INFO]: Created: 1024x512x1 minecraft:textures/atlas/blocks.png-atlas
[18:17:43] [Render thread/INFO]: Created: 256x128x1 minecraft:textures/atlas/signs.png-atlas
[18:17:43] [Render thread/INFO]: Created: 512x512x1 minecraft:textures/atlas/banner_patterns.png-atlas
[18:17:43] [Render thread/INFO]: Created: 512x512x1 minecraft:textures/atlas/shield_patterns.png-atlas
[18:17:43] [Render thread/INFO]: Created: 256x256x1 minecraft:textures/atlas/chest.png-atlas
[18:17:43] [Render thread/INFO]: Created: 512x256x1 minecraft:textures/atlas/beds.png-atlas
[18:17:43] [Render thread/INFO]: Created: 512x256x1 minecraft:textures/atlas/shulker_boxes.png-atlas
[18:17:43] [Render thread/WARN]: Shader rendertype_entity_translucent_emissive could not find sampler named Sampler2 in the specified shader program.
[18:17:43] [Render thread/INFO]: Created: 256x256x0 minecraft:textures/atlas/particles.png-atlas
[18:17:43] [Render thread/INFO]: Created: 256x256x0 minecraft:textures/atlas/paintings.png-atlas
[18:17:43] [Render thread/INFO]: Created: 128x128x0 minecraft:textures/atlas/mob_effects.png-atlas
[18:18:47] [Render thread/INFO]: Stopping!
